<?xml version="1.0" encoding="UTF-8"?>
<!-- Generated by org.testng.reporters.JUnitXMLReporter -->
<testsuite ignored="2" hostname="DESKTOP-30D7VOM" failures="0" tests="2" name="Test" time="149.243" errors="0" timestamp="2022-05-24T15:11:44 IST">
  <testcase classname="com.vtiger.documentsTest.CreateDocumentsTest" name="createDocumentsTest" time="28.106"/>
  <testcase classname="com.vtiger.productsTest.CreateProductsTest" name="createProductsTest" time="20.606"/>
  <testcase classname="com.sdet34l1.genericUtility.BaseClass" name="@AfterSuite afterSuite" time="0.0">
    <ignored/>
  </testcase> <!-- @AfterSuite afterSuite -->
  <testcase classname="com.sdet34l1.genericUtility.BaseClass" name="@BeforeSuite beforesuiteTest" time="0.0">
    <ignored/>
  </testcase> <!-- @BeforeSuite beforesuiteTest -->
</testsuite> <!-- Test -->
