<?xml version="1.0" encoding="UTF-8"?>
<!-- Generated by org.testng.reporters.JUnitXMLReporter -->
<testsuite ignored="0" hostname="DESKTOP-30D7VOM" failures="1" tests="1" name="Test(failed)" time="38.763" errors="0" timestamp="2022-05-16T17:52:43 IST">
  <testcase classname="com.vtiger.contactsTest.LoginWithPropertyFileAndFetchDataFromExcelAndCreateContactsTest2" name="loginWithPropertyFileAndFetchDataFromExcelAndCreateContactsTest2" time="38.633">
    <failure type="java.lang.NullPointerException" message="Cannot invoke &amp;quot;org.apache.poi.ss.usermodel.Workbook.getSheet(String)&amp;quot; because &amp;quot;com.sdet34l1.genericUtility.GeneralExcelUtility.wb&amp;quot; is null">
      <![CDATA[java.lang.NullPointerException: Cannot invoke "org.apache.poi.ss.usermodel.Workbook.getSheet(String)" because "com.sdet34l1.genericUtility.GeneralExcelUtility.wb" is null
at com.sdet34l1.genericUtility.GeneralExcelUtility.getDataFromExcel(GeneralExcelUtility.java:66)
at com.vtiger.contactsTest.LoginWithPropertyFileAndFetchDataFromExcelAndCreateContactsTest2.loginWithPropertyFileAndFetchDataFromExcelAndCreateContactsTest2(LoginWithPropertyFileAndFetchDataFromExcelAndCreateContactsTest2.java:67)
at java.base/java.util.ArrayList.forEach(ArrayList.java:1511)
... Removed 27 stack frames]]>
    </failure>
  </testcase> <!-- loginWithPropertyFileAndFetchDataFromExcelAndCreateContactsTest2 -->
</testsuite> <!-- Test(failed) -->
