<?xml version="1.0" encoding="UTF-8"?>
<testng-results ignored="2" total="4" passed="2" failed="0" skipped="0">
  <reporter-output>
  </reporter-output>
  <suite started-at="2022-05-24T15:09:14 IST" name="Suite" finished-at="2022-05-24T15:11:44 IST" duration-ms="149243">
    <groups>
      <group name="sanity">
        <method signature="CreateDocumentsTest.createDocumentsTest()[pri:0, instance:com.vtiger.documentsTest.CreateDocumentsTest@486bc9a4]" name="createDocumentsTest" class="com.vtiger.documentsTest.CreateDocumentsTest"/>
        <method signature="CreateProductsTest.createProductsTest()[pri:0, instance:com.vtiger.productsTest.CreateProductsTest@ea9e141]" name="createProductsTest" class="com.vtiger.productsTest.CreateProductsTest"/>
      </group> <!-- sanity -->
    </groups>
    <test started-at="2022-05-24T15:09:14 IST" name="Test" finished-at="2022-05-24T15:11:44 IST" duration-ms="149243">
      <class name="com.vtiger.documentsTest.CreateDocumentsTest">
        <test-method is-config="true" signature="beforesuiteTest()[pri:0, instance:com.vtiger.documentsTest.CreateDocumentsTest@486bc9a4]" started-at="2022-05-24T15:09:12 IST" name="beforesuiteTest" finished-at="2022-05-24T15:09:14 IST" duration-ms="2364" status="PASS">
          <reporter-output>
          </reporter-output>
        </test-method> <!-- beforesuiteTest -->
        <test-method is-config="true" signature="beforeclassTest()[pri:0, instance:com.vtiger.documentsTest.CreateDocumentsTest@486bc9a4]" started-at="2022-05-24T15:09:15 IST" name="beforeclassTest" finished-at="2022-05-24T15:10:06 IST" duration-ms="51206" status="PASS">
          <reporter-output>
          </reporter-output>
        </test-method> <!-- beforeclassTest -->
        <test-method is-config="true" signature="beforeMethod()[pri:0, instance:com.vtiger.documentsTest.CreateDocumentsTest@486bc9a4]" started-at="2022-05-24T15:10:07 IST" name="beforeMethod" finished-at="2022-05-24T15:10:17 IST" duration-ms="10786" status="PASS">
          <reporter-output>
          </reporter-output>
        </test-method> <!-- beforeMethod -->
        <test-method signature="createDocumentsTest()[pri:0, instance:com.vtiger.documentsTest.CreateDocumentsTest@486bc9a4]" started-at="2022-05-24T15:10:18 IST" name="createDocumentsTest" finished-at="2022-05-24T15:10:46 IST" duration-ms="28106" status="PASS">
          <reporter-output>
          </reporter-output>
        </test-method> <!-- createDocumentsTest -->
        <test-method is-config="true" signature="afterMethod()[pri:0, instance:com.vtiger.documentsTest.CreateDocumentsTest@486bc9a4]" started-at="2022-05-24T15:10:47 IST" name="afterMethod" finished-at="2022-05-24T15:10:50 IST" duration-ms="3037" status="PASS">
          <reporter-output>
          </reporter-output>
        </test-method> <!-- afterMethod -->
        <test-method is-config="true" signature="afterClass()[pri:0, instance:com.vtiger.documentsTest.CreateDocumentsTest@486bc9a4]" started-at="2022-05-24T15:10:50 IST" name="afterClass" finished-at="2022-05-24T15:10:55 IST" duration-ms="4847" status="PASS">
          <reporter-output>
          </reporter-output>
        </test-method> <!-- afterClass -->
        <test-method is-config="true" signature="afterSuite()[pri:0, instance:com.vtiger.documentsTest.CreateDocumentsTest@486bc9a4]" started-at="2022-05-24T15:11:45 IST" name="afterSuite" finished-at="2022-05-24T15:11:45 IST" duration-ms="0" status="PASS">
          <reporter-output>
          </reporter-output>
        </test-method> <!-- afterSuite -->
      </class> <!-- com.vtiger.documentsTest.CreateDocumentsTest -->
      <class name="com.vtiger.productsTest.CreateProductsTest">
        <test-method is-config="true" signature="beforeclassTest()[pri:0, instance:com.vtiger.productsTest.CreateProductsTest@ea9e141]" started-at="2022-05-24T15:10:55 IST" name="beforeclassTest" finished-at="2022-05-24T15:11:13 IST" duration-ms="18481" status="PASS">
          <reporter-output>
          </reporter-output>
        </test-method> <!-- beforeclassTest -->
        <test-method is-config="true" signature="beforeMethod()[pri:0, instance:com.vtiger.productsTest.CreateProductsTest@ea9e141]" started-at="2022-05-24T15:11:13 IST" name="beforeMethod" finished-at="2022-05-24T15:11:20 IST" duration-ms="6629" status="PASS">
          <reporter-output>
          </reporter-output>
        </test-method> <!-- beforeMethod -->
        <test-method signature="createProductsTest()[pri:0, instance:com.vtiger.productsTest.CreateProductsTest@ea9e141]" started-at="2022-05-24T15:11:20 IST" name="createProductsTest" finished-at="2022-05-24T15:11:40 IST" duration-ms="20606" status="PASS">
          <reporter-output>
          </reporter-output>
        </test-method> <!-- createProductsTest -->
        <test-method is-config="true" signature="afterMethod()[pri:0, instance:com.vtiger.productsTest.CreateProductsTest@ea9e141]" started-at="2022-05-24T15:11:40 IST" name="afterMethod" finished-at="2022-05-24T15:11:42 IST" duration-ms="1998" status="PASS">
          <reporter-output>
          </reporter-output>
        </test-method> <!-- afterMethod -->
        <test-method is-config="true" signature="afterClass()[pri:0, instance:com.vtiger.productsTest.CreateProductsTest@ea9e141]" started-at="2022-05-24T15:11:42 IST" name="afterClass" finished-at="2022-05-24T15:11:44 IST" duration-ms="1285" status="PASS">
          <reporter-output>
          </reporter-output>
        </test-method> <!-- afterClass -->
      </class> <!-- com.vtiger.productsTest.CreateProductsTest -->
    </test> <!-- Test -->
  </suite> <!-- Suite -->
</testng-results>
